<?xml version="1.0" encoding="UTF-8"?>
<!-- Generated by org.testng.reporters.JUnitReportReporter -->
<testsuite hostname="bcd0746442bd.ant.amazon.com" failures="0" tests="1" name="com.w2a.rough.SkipTests" time="0.008" errors="0" timestamp="2023-03-30T13:10:02 IST" skipped="1">
  <testcase classname="com.w2a.rough.SkipTests" name="skipTest1" time="0.008">
    <skipped/>
  </testcase> <!-- skipTest1 -->
  <system-out/>
</testsuite> <!-- com.w2a.rough.SkipTests -->
