<?xml version="1.0" encoding="UTF-8"?>
<!-- Generated by org.testng.reporters.JUnitReportReporter -->
<testsuite hostname="bcd0746442bd.ant.amazon.com" failures="0" tests="4" name="com.w2a.parameters.ExplicitDp" time="0.011" errors="0" timestamp="2023-03-30T21:30:20 IST" skipped="0">
  <testcase classname="com.w2a.parameters.ExplicitDp" name="testUserReg" time="0.001"/>
  <system-out/>
  <testcase classname="com.w2a.parameters.ExplicitDp" name="testlogin" time="0.002"/>
  <system-out/>
  <testcase classname="com.w2a.parameters.ExplicitDp" name="testlogin" time="0.001"/>
  <system-out/>
  <testcase classname="com.w2a.parameters.ExplicitDp" name="testUserReg" time="0.007"/>
  <system-out/>
</testsuite> <!-- com.w2a.parameters.ExplicitDp -->
