<?xml version="1.0" encoding="UTF-8"?>
<!-- Generated by org.testng.reporters.JUnitReportReporter -->
<testsuite hostname="bcd0746442bd.ant.amazon.com" failures="0" tests="1" name="com.w2a.testcases.LoginTest" time="0.365" errors="0" timestamp="2023-03-29T17:54:39 IST" skipped="0">
  <testcase classname="com.w2a.testcases.LoginTest" name="loginAsBankManager" time="0.365"/>
  <system-out/>
</testsuite> <!-- com.w2a.testcases.LoginTest -->
