<?xml version="1.0" encoding="UTF-8"?>
<!-- Generated by org.testng.reporters.JUnitReportReporter -->
<testsuite hostname="bcd0746442bd.ant.amazon.com" failures="0" tests="4" name="com.w2a.parameters.HashTableExcelDp" time="0.016" errors="0" timestamp="2023-03-30T15:53:31 IST" skipped="0">
  <testcase classname="com.w2a.parameters.HashTableExcelDp" name="doLogin" time="0.002"/>
  <system-out/>
  <testcase classname="com.w2a.parameters.HashTableExcelDp" name="doLogin" time="0.003"/>
  <system-out/>
  <testcase classname="com.w2a.parameters.HashTableExcelDp" name="doLogin" time="0.009"/>
  <system-out/>
  <testcase classname="com.w2a.parameters.HashTableExcelDp" name="doLogin" time="0.002"/>
  <system-out/>
</testsuite> <!-- com.w2a.parameters.HashTableExcelDp -->
