<?xml version="1.0" encoding="UTF-8"?>
<!-- Generated by org.testng.reporters.JUnitReportReporter -->
<testsuite hostname="bcd0746442bd.ant.amazon.com" failures="0" tests="4" name="com.w2a.parameters.ParaExcel" time="0.016" errors="0" timestamp="2023-03-30T15:30:39 IST" skipped="0">
  <testcase classname="com.w2a.parameters.ParaExcel" name="doLogin" time="0.009"/>
  <system-out/>
  <testcase classname="com.w2a.parameters.ParaExcel" name="doLogin" time="0.003"/>
  <system-out/>
  <testcase classname="com.w2a.parameters.ParaExcel" name="doLogin" time="0.003"/>
  <system-out/>
  <testcase classname="com.w2a.parameters.ParaExcel" name="doLogin" time="0.001"/>
  <system-out/>
</testsuite> <!-- com.w2a.parameters.ParaExcel -->
