<?xml version="1.0" encoding="UTF-8"?>
<!-- Generated by org.testng.reporters.JUnitReportReporter -->
<testsuite hostname="bcd0746442bd.ant.amazon.com" failures="0" tests="2" name="com.w2a.parameters.SimplePara" time="0.011" errors="0" timestamp="2023-03-30T16:52:10 IST" skipped="0">
  <testcase classname="com.w2a.parameters.SimplePara" name="getBrowser" time="0.010"/>
  <system-out/>
  <testcase classname="com.w2a.parameters.SimplePara" name="getBrowser" time="0.001"/>
  <system-out/>
</testsuite> <!-- com.w2a.parameters.SimplePara -->
