<?xml version="1.0" encoding="UTF-8"?>
<!-- Generated by org.testng.reporters.JUnitReportReporter -->
<testsuite hostname="bcd0746442bd.ant.amazon.com" failures="0" tests="2" name="com.w2a.rough.BasicTests" time="0.008" errors="0" timestamp="2023-03-30T14:59:24 IST" skipped="0">
  <testcase classname="com.w2a.rough.BasicTests" name="doUdserRegiostration" time="0.004"/>
  <system-out/>
  <testcase classname="com.w2a.rough.BasicTests" name="doLogin" time="0.004"/>
  <system-out/>
</testsuite> <!-- com.w2a.rough.BasicTests -->
